17 Mar 2023 15:03:30,221 INFO  repository.AngajatRepoBD 24 <init> - Initializing AngajatRepoBD with properties: {} 
17 Mar 2023 15:03:30,231 TRACE repository.AngajatRepoBD 73 save - Enter saving taskdomain.Angajat@5403f35f 
17 Mar 2023 15:03:30,232 TRACE repository.JdbcUtils 48 getConnection - Enter
17 Mar 2023 15:03:30,232 TRACE repository.JdbcUtils 25 getNewConnection - Enter
17 Mar 2023 15:03:30,233 INFO  repository.JdbcUtils 30 getNewConnection - trying to connect to database ... null
17 Mar 2023 15:03:30,233 INFO  repository.JdbcUtils 31 getNewConnection - user: null
17 Mar 2023 15:03:30,234 INFO  repository.JdbcUtils 32 getNewConnection - pass: null
17 Mar 2023 15:03:30,237 ERROR repository.JdbcUtils 41 getNewConnection - java.sql.SQLException: The url cannot be null
17 Mar 2023 15:03:30,239 TRACE repository.JdbcUtils 57 getConnection - Exit
17 Mar 2023 15:06:58,838 INFO  repository.AngajatRepoBD 24 <init> - Initializing AngajatRepoBD with properties: {} 
17 Mar 2023 15:06:58,844 TRACE repository.AngajatRepoBD 73 save - Enter saving taskdomain.Angajat@5403f35f 
17 Mar 2023 15:06:58,844 TRACE repository.JdbcUtils 48 getConnection - Enter
17 Mar 2023 15:06:58,845 TRACE repository.JdbcUtils 25 getNewConnection - Enter
17 Mar 2023 15:06:58,845 INFO  repository.JdbcUtils 30 getNewConnection - trying to connect to database ... null
17 Mar 2023 15:06:58,845 INFO  repository.JdbcUtils 31 getNewConnection - user: null
17 Mar 2023 15:06:58,846 INFO  repository.JdbcUtils 32 getNewConnection - pass: null
17 Mar 2023 15:06:58,848 ERROR repository.JdbcUtils 41 getNewConnection - java.sql.SQLException: The url cannot be null
17 Mar 2023 15:06:58,849 TRACE repository.JdbcUtils 57 getConnection - Exit
17 Mar 2023 15:08:24,143 INFO  repository.AngajatRepoBD 24 <init> - Initializing AngajatRepoBD with properties: {} 
17 Mar 2023 15:08:24,151 TRACE repository.AngajatRepoBD 73 save - Enter saving taskdomain.Angajat@5403f35f 
17 Mar 2023 15:08:24,152 TRACE repository.JdbcUtils 48 getConnection - Enter
17 Mar 2023 15:08:24,152 TRACE repository.JdbcUtils 25 getNewConnection - Enter
17 Mar 2023 15:08:24,152 INFO  repository.JdbcUtils 30 getNewConnection - trying to connect to database ... null
17 Mar 2023 15:08:24,153 INFO  repository.JdbcUtils 31 getNewConnection - user: null
17 Mar 2023 15:08:24,153 INFO  repository.JdbcUtils 32 getNewConnection - pass: null
17 Mar 2023 15:08:24,156 ERROR repository.JdbcUtils 41 getNewConnection - java.sql.SQLException: The url cannot be null
17 Mar 2023 15:08:24,157 TRACE repository.JdbcUtils 57 getConnection - Exit
17 Mar 2023 15:08:37,962 INFO  repository.AngajatRepoBD 24 <init> - Initializing AngajatRepoBD with properties: {} 
17 Mar 2023 15:08:37,969 TRACE repository.AngajatRepoBD 73 save - Enter saving taskdomain.Angajat@5403f35f 
17 Mar 2023 15:08:37,970 TRACE repository.JdbcUtils 48 getConnection - Enter
17 Mar 2023 15:08:37,970 TRACE repository.JdbcUtils 25 getNewConnection - Enter
17 Mar 2023 15:08:37,971 INFO  repository.JdbcUtils 30 getNewConnection - trying to connect to database ... null
17 Mar 2023 15:08:37,971 INFO  repository.JdbcUtils 31 getNewConnection - user: null
17 Mar 2023 15:08:37,971 INFO  repository.JdbcUtils 32 getNewConnection - pass: null
17 Mar 2023 15:08:37,974 ERROR repository.JdbcUtils 41 getNewConnection - java.sql.SQLException: The url cannot be null
17 Mar 2023 15:08:37,975 TRACE repository.JdbcUtils 57 getConnection - Exit
17 Mar 2023 15:09:49,579 INFO  repository.AngajatRepoBD 24 <init> - Initializing AngajatRepoBD with properties: {} 
17 Mar 2023 15:09:49,589 TRACE repository.AngajatRepoBD 73 save - Enter saving taskdomain.Angajat@5403f35f 
17 Mar 2023 15:09:49,589 TRACE repository.JdbcUtils 48 getConnection - Enter
17 Mar 2023 15:09:49,589 TRACE repository.JdbcUtils 25 getNewConnection - Enter
17 Mar 2023 15:09:49,590 INFO  repository.JdbcUtils 30 getNewConnection - trying to connect to database ... null
17 Mar 2023 15:09:49,590 INFO  repository.JdbcUtils 31 getNewConnection - user: null
17 Mar 2023 15:09:49,591 INFO  repository.JdbcUtils 32 getNewConnection - pass: null
17 Mar 2023 15:09:49,594 ERROR repository.JdbcUtils 41 getNewConnection - java.sql.SQLException: The url cannot be null
17 Mar 2023 15:09:49,596 TRACE repository.JdbcUtils 57 getConnection - Exit
17 Mar 2023 15:10:08,188 INFO  repository.AngajatRepoBD 24 <init> - Initializing AngajatRepoBD with properties: {} 
17 Mar 2023 15:10:08,197 TRACE repository.AngajatRepoBD 73 save - Enter saving taskdomain.Angajat@5403f35f 
17 Mar 2023 15:10:08,197 TRACE repository.JdbcUtils 48 getConnection - Enter
17 Mar 2023 15:10:08,197 TRACE repository.JdbcUtils 25 getNewConnection - Enter
17 Mar 2023 15:10:08,198 INFO  repository.JdbcUtils 30 getNewConnection - trying to connect to database ... null
17 Mar 2023 15:10:08,198 INFO  repository.JdbcUtils 31 getNewConnection - user: null
17 Mar 2023 15:10:08,199 INFO  repository.JdbcUtils 32 getNewConnection - pass: null
17 Mar 2023 15:10:08,201 ERROR repository.JdbcUtils 41 getNewConnection - java.sql.SQLException: The url cannot be null
17 Mar 2023 15:10:08,203 TRACE repository.JdbcUtils 57 getConnection - Exit
17 Mar 2023 15:10:35,576 INFO  repository.AngajatRepoBD 24 <init> - Initializing AngajatRepoBD with properties: {} 
17 Mar 2023 15:10:35,587 TRACE repository.AngajatRepoBD 73 save - Enter saving taskdomain.Angajat@429bffaa 
17 Mar 2023 15:10:35,588 TRACE repository.JdbcUtils 48 getConnection - Enter
17 Mar 2023 15:10:35,588 TRACE repository.JdbcUtils 25 getNewConnection - Enter
17 Mar 2023 15:10:35,589 INFO  repository.JdbcUtils 30 getNewConnection - trying to connect to database ... null
17 Mar 2023 15:10:35,589 INFO  repository.JdbcUtils 31 getNewConnection - user: null
17 Mar 2023 15:10:35,590 INFO  repository.JdbcUtils 32 getNewConnection - pass: null
17 Mar 2023 15:10:35,595 ERROR repository.JdbcUtils 41 getNewConnection - java.sql.SQLException: The url cannot be null
17 Mar 2023 15:10:35,597 TRACE repository.JdbcUtils 57 getConnection - Exit
17 Mar 2023 15:15:34,921 INFO  repository.AngajatRepoBD 24 <init> - Initializing AngajatRepoBD with properties: {} 
17 Mar 2023 15:15:34,930 TRACE repository.AngajatRepoBD 73 save - Enter saving taskdomain.Angajat@5403f35f 
17 Mar 2023 15:15:34,930 TRACE repository.JdbcUtils 48 getConnection - Enter
17 Mar 2023 15:15:34,930 TRACE repository.JdbcUtils 25 getNewConnection - Enter
17 Mar 2023 15:15:34,931 INFO  repository.JdbcUtils 30 getNewConnection - trying to connect to database ... null
17 Mar 2023 15:15:34,931 INFO  repository.JdbcUtils 31 getNewConnection - user: null
17 Mar 2023 15:15:34,932 INFO  repository.JdbcUtils 32 getNewConnection - pass: null
17 Mar 2023 15:15:34,935 ERROR repository.JdbcUtils 41 getNewConnection - java.sql.SQLException: The url cannot be null
17 Mar 2023 15:15:34,937 TRACE repository.JdbcUtils 57 getConnection - Exit
17 Mar 2023 15:16:35,356 INFO  repository.AngajatRepoBD 24 <init> - Initializing AngajatRepoBD with properties: {} 
17 Mar 2023 15:16:35,366 TRACE repository.AngajatRepoBD 73 save - Enter saving taskdomain.Angajat@5403f35f 
17 Mar 2023 15:16:35,366 TRACE repository.JdbcUtils 48 getConnection - Enter
17 Mar 2023 15:16:35,367 TRACE repository.JdbcUtils 25 getNewConnection - Enter
17 Mar 2023 15:16:35,367 INFO  repository.JdbcUtils 30 getNewConnection - trying to connect to database ... null
17 Mar 2023 15:16:35,368 INFO  repository.JdbcUtils 31 getNewConnection - user: null
17 Mar 2023 15:16:35,368 INFO  repository.JdbcUtils 32 getNewConnection - pass: null
17 Mar 2023 15:16:35,687 TRACE repository.JdbcUtils 57 getConnection - Exit with(org.sqlite.jdbc4.JDBC4Connection@710c2b53)
17 Mar 2023 15:16:35,703 TRACE repository.AngajatRepoBD 79 save - Saved 1 instances
17 Mar 2023 15:16:35,705 TRACE repository.AngajatRepoBD 84 save - Exit
20 Mar 2023 12:03:41,162 INFO  repository.AngajatRepoBD 24 <init> - Initializing AngajatRepoBD with properties: {} 
20 Mar 2023 12:03:41,172 TRACE repository.AngajatRepoBD 73 save - Enter saving taskdomain.Angajat@5403f35f 
20 Mar 2023 12:03:41,173 TRACE repository.JdbcUtils 48 getConnection - Enter
20 Mar 2023 12:03:41,174 TRACE repository.JdbcUtils 25 getNewConnection - Enter
20 Mar 2023 12:03:41,175 INFO  repository.JdbcUtils 30 getNewConnection - trying to connect to database ... null
20 Mar 2023 12:03:41,176 INFO  repository.JdbcUtils 31 getNewConnection - user: null
20 Mar 2023 12:03:41,177 INFO  repository.JdbcUtils 32 getNewConnection - pass: null
20 Mar 2023 12:03:41,382 TRACE repository.JdbcUtils 57 getConnection - Exit with(org.sqlite.jdbc4.JDBC4Connection@710c2b53)
20 Mar 2023 12:03:41,390 TRACE repository.AngajatRepoBD 79 save - Saved 1 instances
20 Mar 2023 12:03:41,390 TRACE repository.AngajatRepoBD 84 save - Exit
20 Mar 2023 13:13:30,351 INFO  repository.AngajatRepoBD 24 <init> - Initializing AngajatRepoBD with properties: {} 
20 Mar 2023 13:13:30,364 TRACE repository.AngajatRepoBD 73 save - Enter saving taskdomain.Angajat@5403f35f 
20 Mar 2023 13:13:30,365 TRACE repository.JdbcUtils 48 getConnection - Enter
20 Mar 2023 13:13:30,366 TRACE repository.JdbcUtils 25 getNewConnection - Enter
20 Mar 2023 13:13:30,367 INFO  repository.JdbcUtils 30 getNewConnection - trying to connect to database ... null
20 Mar 2023 13:13:30,368 INFO  repository.JdbcUtils 31 getNewConnection - user: null
20 Mar 2023 13:13:30,369 INFO  repository.JdbcUtils 32 getNewConnection - pass: null
20 Mar 2023 13:13:30,656 TRACE repository.JdbcUtils 57 getConnection - Exit with(org.sqlite.jdbc4.JDBC4Connection@710c2b53)
20 Mar 2023 13:13:30,670 TRACE repository.AngajatRepoBD 79 save - Saved 1 instances
20 Mar 2023 13:13:30,671 TRACE repository.AngajatRepoBD 84 save - Exit
